<?xml version="1.0" encoding="UTF-8"?>
<testng-results ignored="0" total="1" passed="1" failed="0" skipped="0">
  <reporter-output>
  </reporter-output>
  <suite started-at="2020-05-19T21:18:04Z" name="Surefire suite" finished-at="2020-05-19T21:18:04Z" duration-ms="81">
    <groups>
    </groups>
    <test started-at="2020-05-19T21:18:04Z" name="Surefire test" finished-at="2020-05-19T21:18:04Z" duration-ms="81">
      <class name="info.ebtd.test.TestSuit">
        <test-method signature="createTest()" started-at="2020-05-19T21:18:04Z" name="createTest" finished-at="2020-05-19T21:18:04Z" duration-ms="25" status="PASS">
          <reporter-output>
          </reporter-output>
        </test-method> <!-- createTest -->
      </class> <!-- info.ebtd.test.TestSuit -->
    </test> <!-- Surefire test -->
  </suite> <!-- Surefire suite -->
</testng-results>
